TN:
SF:src/PresaleVesting.sol
FN:19,Context._msgSender
FNDA:33,Context._msgSender
DA:20,33
FN:23,Context._msgData
FNDA:0,Context._msgData
DA:24,0
FN:116,Address.isContract
FNDA:0,Address.isContract
DA:121,0
FN:143,Address.functionCall
FNDA:0,Address.functionCall
DA:144,0
FN:153,Address.functionCall
FNDA:0,Address.functionCall
DA:158,0
FN:172,Address.functionCallWithValue
FNDA:0,Address.functionCallWithValue
DA:173,0
FN:182,Address.functionCallWithValue
FNDA:0,Address.functionCallWithValue
DA:188,0
BRDA:188,0,0,-
BRDA:188,0,1,-
DA:189,0
DA:190,0
FN:199,Address.verifyCallResultFromTarget
FNDA:0,Address.verifyCallResultFromTarget
DA:205,0
BRDA:205,1,0,-
BRDA:205,1,1,-
DA:206,0
BRDA:206,2,0,-
BRDA:206,2,1,-
DA:209,0
BRDA:209,3,0,-
BRDA:209,3,1,-
DA:211,0
DA:213,0
FN:223,Address.verifyCallResult
FNDA:0,Address.verifyCallResult
DA:228,0
BRDA:228,4,0,-
BRDA:228,4,1,-
DA:229,0
DA:231,0
FN:235,Address._revert
FNDA:0,Address._revert
DA:237,0
BRDA:237,5,0,-
BRDA:237,5,1,-
DA:245,0
FN:349,SafeERC20.safeTransfer
FNDA:0,SafeERC20.safeTransfer
DA:350,0
FN:357,SafeERC20.safeTransferFrom
FNDA:0,SafeERC20.safeTransferFrom
DA:358,0
FN:368,SafeERC20._callOptionalReturn
FNDA:0,SafeERC20._callOptionalReturn
DA:373,0
DA:374,0
BRDA:374,0,0,-
BRDA:374,0,1,-
FN:66,Ownable.owner
FNDA:3,Ownable.owner
DA:67,36
FN:73,Ownable._checkOwner
FNDA:33,Ownable._checkOwner
DA:74,33
BRDA:74,0,0,6
BRDA:74,0,1,27
FN:84,Ownable.renounceOwnership
FNDA:4,Ownable.renounceOwnership
DA:85,2
FN:92,Ownable.transferOwnership
FNDA:3,Ownable.transferOwnership
DA:93,2
BRDA:93,1,0,1
BRDA:93,1,1,1
DA:94,1
FN:101,Ownable._transferOwnership
FNDA:3,Ownable._transferOwnership
DA:102,3
DA:103,3
DA:104,3
FN:437,ReentrancyGuard._nonReentrantBefore
FNDA:23,ReentrancyGuard._nonReentrantBefore
DA:439,23
BRDA:439,0,0,-
BRDA:439,0,1,23
DA:440,0
DA:444,23
FN:447,ReentrancyGuard._nonReentrantAfter
FNDA:18,ReentrancyGuard._nonReentrantAfter
DA:450,18
FN:457,ReentrancyGuard._reentrancyGuardEntered
FNDA:0,ReentrancyGuard._reentrancyGuardEntered
DA:458,0
FN:551,PresaleVesting.addVesting
FNDA:20,PresaleVesting.addVesting
DA:552,17
DA:553,17
BRDA:553,0,0,1
BRDA:553,0,1,16
DA:554,1
DA:556,16
DA:557,16
DA:558,16
DA:559,16
DA:560,16
DA:570,16
DA:571,15
FN:578,PresaleVesting.addVestingMultiple
FNDA:6,PresaleVesting.addVestingMultiple
DA:579,5
DA:580,5
DA:581,5
BRDA:581,1,0,1
BRDA:581,1,1,4
DA:582,1
DA:584,4
DA:585,4
DA:586,5
DA:587,5
DA:589,5
BRDA:589,2,0,1
BRDA:589,2,1,4
DA:590,1
DA:592,4
BRDA:592,3,0,1
BRDA:592,3,1,3
DA:593,1
DA:596,3
DA:597,3
BRDA:597,4,0,1
BRDA:597,4,1,2
DA:598,1
DA:601,2
DA:603,2
DA:604,2
DA:605,2
DA:606,2
DA:608,2
DA:618,1
DA:619,1
FN:625,PresaleVesting.claimOtherERC20Tokens
FNDA:3,PresaleVesting.claimOtherERC20Tokens
DA:626,1
BRDA:626,5,0,1
BRDA:626,5,1,-
DA:627,1
DA:629,0
DA:630,0
DA:631,0
FN:635,PresaleVesting.claim
FNDA:23,PresaleVesting.claim
DA:637,23
DA:638,23
BRDA:638,6,0,1
BRDA:638,6,1,20
DA:639,1
DA:641,20
BRDA:641,7,0,2
BRDA:641,7,1,18
DA:642,2
DA:644,18
DA:645,18
BRDA:645,8,0,-
BRDA:645,8,1,7
DA:646,18
BRDA:646,9,0,10
BRDA:646,9,1,18
DA:647,10
DA:648,10
DA:650,18
BRDA:650,10,0,-
BRDA:650,10,1,7
DA:651,11
BRDA:651,11,0,4
BRDA:651,11,1,7
DA:652,4
DA:655,7
DA:656,7
DA:657,7
DA:658,7
BRDA:658,12,0,-
BRDA:658,12,1,7
DA:659,0
DA:661,7
DA:665,18
DA:666,18
DA:667,18
FN:676,PresaleVesting.getGlobalCliffTime
FNDA:1,PresaleVesting.getGlobalCliffTime
DA:677,1
FN:681,PresaleVesting.getTokenAddress
FNDA:1,PresaleVesting.getTokenAddress
DA:682,1
FN:686,PresaleVesting.getGlobalVestingDuration
FNDA:1,PresaleVesting.getGlobalVestingDuration
DA:687,1
FN:691,PresaleVesting.getInitialUnlock
FNDA:1,PresaleVesting.getInitialUnlock
DA:692,1
FNF:29
FNH:16
LF:100
LH:72
BRF:46
BRH:27
end_of_record
TN:
SF:src/RebelsRevolt.sol
FN:275,ERC20.name
FNDA:1,ERC20.name
DA:276,1
FN:283,ERC20.symbol
FNDA:1,ERC20.symbol
DA:284,1
FN:300,ERC20.decimals
FNDA:1,ERC20.decimals
DA:301,1
FN:307,ERC20.totalSupply
FNDA:1,ERC20.totalSupply
DA:308,1
FN:314,ERC20.balanceOf
FNDA:28,ERC20.balanceOf
DA:315,28
FN:326,ERC20.transfer
FNDA:25,ERC20.transfer
DA:327,25
DA:328,25
DA:329,22
FN:335,ERC20.allowance
FNDA:3,ERC20.allowance
DA:336,30
FN:349,ERC20.approve
FNDA:27,ERC20.approve
DA:350,27
DA:351,27
DA:352,26
FN:371,ERC20.transferFrom
FNDA:21,ERC20.transferFrom
DA:376,21
DA:377,21
DA:378,18
DA:379,18
FN:394,ERC20.increaseAllowance
FNDA:3,ERC20.increaseAllowance
DA:395,3
DA:396,3
DA:397,2
FN:414,ERC20.decreaseAllowance
FNDA:3,ERC20.decreaseAllowance
DA:415,3
DA:416,3
DA:417,3
BRDA:417,0,0,2
BRDA:417,0,1,1
DA:419,1
DA:422,1
FN:439,ERC20._transfer
FNDA:43,ERC20._transfer
DA:444,43
BRDA:444,1,0,1
BRDA:444,1,1,42
DA:445,42
BRDA:445,2,0,1
BRDA:445,2,1,41
DA:447,41
DA:449,41
DA:450,41
BRDA:450,3,0,1
BRDA:450,3,1,40
DA:452,40
DA:455,40
DA:458,40
DA:460,40
FN:472,ERC20._mint
FNDA:0,ERC20._mint
DA:473,0
BRDA:473,4,0,-
BRDA:473,4,1,-
DA:475,0
DA:477,0
DA:480,0
DA:482,0
DA:484,0
FN:498,ERC20._burn
FNDA:0,ERC20._burn
DA:499,0
BRDA:499,5,0,-
BRDA:499,5,1,-
DA:501,0
DA:503,0
DA:504,0
BRDA:504,6,0,-
BRDA:504,6,1,-
DA:506,0
DA:508,0
DA:511,0
DA:513,0
FN:529,ERC20._approve
FNDA:50,ERC20._approve
DA:534,50
BRDA:534,7,0,1
BRDA:534,7,1,49
DA:535,49
BRDA:535,8,0,2
BRDA:535,8,1,47
DA:537,47
DA:538,47
FN:549,ERC20._spendAllowance
FNDA:21,ERC20._spendAllowance
DA:554,21
DA:555,21
BRDA:555,9,0,2
BRDA:555,9,1,19
DA:556,21
BRDA:556,10,0,2
BRDA:556,10,1,19
DA:558,19
FN:577,ERC20._beforeTokenTransfer
FNDA:41,ERC20._beforeTokenTransfer
FN:597,ERC20._afterTokenTransfer
FNDA:40,ERC20._afterTokenTransfer
FN:19,Context._msgSender
FNDA:86,Context._msgSender
DA:20,86
FN:23,Context._msgData
FNDA:0,Context._msgData
DA:24,0
FN:68,Ownable.owner
FNDA:3,Ownable.owner
DA:69,10
FN:75,Ownable._checkOwner
FNDA:7,Ownable._checkOwner
DA:76,7
BRDA:76,0,0,3
BRDA:76,0,1,4
FN:86,Ownable.renounceOwnership
FNDA:4,Ownable.renounceOwnership
DA:87,2
FN:94,Ownable.transferOwnership
FNDA:3,Ownable.transferOwnership
DA:95,2
BRDA:95,1,0,1
BRDA:95,1,1,1
DA:96,1
FN:103,Ownable._transferOwnership
FNDA:3,Ownable._transferOwnership
DA:104,3
DA:105,3
DA:106,3
FNF:25
FNH:22
LF:65
LH:50
BRF:26
BRH:20
end_of_record
